200 0.017067
200 0.011263
200 0.016616
200 0.012358
200 0.010769
200 0.010191
200 0.012172
200 0.010220
200 0.013907
200 0.011755
200 0.010569
200 0.016682
200 0.012249
200 0.011390
200 0.013313
200 0.012075
200 0.012500
200 0.010952
200 0.011261
200 0.014294
200 0.010299
200 0.009784
200 0.013407
200 0.011669
200 0.010151
200 0.015840
200 0.011904
200 0.011386
200 0.019975
200 0.013936
200 0.016836
200 0.010044
200 0.016911
200 0.010193
200 0.009371
200 0.015119
200 0.009208
200 0.008499
200 0.015778
200 0.009191
200 0.008968
200 0.013722
200 0.010909
200 0.009868
200 0.013048
200 0.009185
200 0.012270
200 0.012206
200 0.011318
200 0.013068
200 0.011401
200 0.010260
200 0.014082
200 0.010349
200 0.012429
200 0.013300
200 0.012148
200 0.013447
200 0.011608
200 0.011731
200 0.015967
200 0.011205
200 0.010386
200 0.013769
200 0.010705
200 0.009945
200 0.021783
200 0.009960
200 0.018156
200 0.010497
200 0.008885
200 0.013374
200 0.010655
200 0.009915
200 0.015216
200 0.010168
200 0.009873
200 0.013633
200 0.010744
200 0.009868
200 0.012713
200 0.009939
200 0.010641
200 0.012637
200 0.008383
200 0.011571
200 0.011674
200 0.010593
200 0.011153
200 0.013087
200 0.010177
200 0.011112
200 0.016784
200 0.010973
200 0.010258
200 0.016212
200 0.009877
200 0.011864
200 0.011465
200 0.010476
200 0.013016
200 0.010607
200 0.012116
200 0.012281
200 0.015446
200 0.016938
200 0.011232
200 0.009935
200 0.013564
200 0.010425
200 0.009839
200 0.013695
200 0.010559
200 0.010542
200 0.016669
200 0.010055
200 0.009764
200 0.014060
200 0.010889
200 0.010648
200 0.014201
200 0.010704
200 0.010700
200 0.016074
200 0.010731
200 0.009156
200 0.015047
200 0.011914
200 0.009014
200 0.014171
200 0.010028
200 0.009065
200 0.013300
200 0.010033
200 0.007433
200 0.013902
200 0.009582
200 0.010012
200 0.011828
200 0.008245
200 0.011812
200 0.008835
200 0.009527
200 0.013410
200 0.014589
200 0.015697
200 0.013844
200 0.011049
200 0.013944
200 0.011159
200 0.010395
200 0.011963
200 0.009101
200 0.009954
200 0.012005
200 0.009224
200 0.011655
200 0.014787
200 0.012939
200 0.012176
200 0.014658
200 0.010769
200 0.015597
200 0.010715
200 0.011061
200 0.014642
200 0.011466
200 0.009478
200 0.017063
200 0.010816
200 0.010229
200 0.013836
200 0.010929
200 0.008757
200 0.015865
200 0.010018
200 0.009852
200 0.015245
200 0.009879
200 0.009937
200 0.013017
200 0.011736
200 0.014819
200 0.014959
200 0.018317
200 0.013339
200 0.010250
200 0.016997
200 0.010219
200 0.009050
200 0.014626
200 0.010621
200 0.009295
200 0.014398
200 0.010390
200 0.009531
200 0.013878
200 0.009688
200 0.008821
200 0.013950
