404 0.008319
200 0.009960
200 0.010646
200 0.011803
200 0.012478
200 0.010603
404 0.007348
200 0.009192
404 0.008262
200 0.009278
404 0.007434
404 0.008078
200 0.012272
200 0.011815
404 0.009466
200 0.012434
200 0.011479
404 0.013708
200 0.012241
200 0.011856
404 0.008691
200 0.013543
200 0.014609
200 0.010999
404 0.008992
200 0.011259
200 0.009762
200 0.011311
404 0.008651
200 0.010556
200 0.011806
404 0.009714
200 0.011572
404 0.008331
404 0.008603
200 0.008779
200 0.011882
404 0.010129
404 0.013854
200 0.015937
200 0.015756
404 0.014356
200 0.015864
404 0.013920
200 0.015198
200 0.009355
200 0.011288
200 0.010845
200 0.011793
200 0.011643
404 0.008749
200 0.010600
404 0.008051
200 0.011366
404 0.010096
200 0.011307
200 0.008911
200 0.011868
404 0.010981
404 0.010055
200 0.011877
200 0.011713
200 0.010716
200 0.011017
200 0.009467
404 0.009159
200 0.010495
200 0.011079
200 0.009682
404 0.008125
404 0.009190
200 0.013029
200 0.015562
200 0.012433
200 0.012596
404 0.011896
404 0.010706
200 0.016021
200 0.015142
404 0.011197
200 0.011219
200 0.009775
404 0.007998
200 0.012297
200 0.011240
200 0.012465
404 0.025759
200 0.034475
200 0.029576
404 0.031198
200 0.020274
200 0.045831
404 0.022403
200 0.016454
404 0.013528
404 0.011994
404 0.010045
200 0.011909
200 0.016353
404 0.012134
200 0.011856
200 0.010621
404 0.008821
200 0.012566
200 0.013979
200 0.013796
404 0.010510
404 0.010459
200 0.013648
404 0.011026
200 0.012944
404 0.009839
200 0.013697
404 0.010842
200 0.013827
200 0.014184
200 0.013053
200 0.013425
200 0.011286
200 0.009062
404 0.007631
200 0.009276
200 0.011353
404 0.010095
200 0.010537
200 0.010540
404 0.010189
200 0.011648
404 0.011453
200 0.008679
200 0.010526
200 0.010693
200 0.012624
404 0.011174
200 0.016199
200 0.013242
404 0.010193
200 0.012023
200 0.010227
200 0.012222
404 0.009616
404 0.009161
200 0.011870
200 0.014574
404 0.011737
404 0.009891
404 0.008440
404 0.009191
200 0.013188
200 0.012761
200 0.012971
200 0.013048
404 0.010012
404 0.009088
200 0.010779
200 0.009518
200 0.011678
200 0.010925
200 0.010833
200 0.013214
404 0.008937
200 0.010292
404 0.011037
404 0.010178
200 0.010976
200 0.011124
200 0.012300
404 0.010517
404 0.010552
200 0.012461
200 0.011665
200 0.011187
404 0.009417
200 0.012374
404 0.010002
404 0.009063
200 0.010448
200 0.011199
200 0.015968
200 0.012803
200 0.010202
404 0.007731
404 0.008352
404 0.007140
404 0.007222
200 0.012152
404 0.007504
404 0.009586
200 0.009201
404 0.008425
200 0.010438
200 0.009062
200 0.010568
200 0.011767
200 0.011945
404 0.007584
200 0.009804
200 0.010597
404 0.007669
404 0.008900
