200 0.024816
200 0.023089
200 0.017459
200 0.015845
200 0.015545
200 0.014359
200 0.052301
200 0.022128
200 0.020971
200 0.016356
200 0.013666
200 0.016929
200 0.017429
200 0.014032
200 0.015945
200 0.013053
200 0.012403
200 0.014365
200 0.013333
200 0.013219
200 0.013895
200 0.012733
200 0.012291
200 0.012738
200 0.015496
200 0.015136
200 0.014250
200 0.015358
200 0.012883
200 0.012873
200 0.016517
200 0.016720
200 0.014162
200 0.012911
200 0.011714
200 0.011334
200 0.012398
200 0.012476
200 0.013960
200 0.011950
200 0.013892
200 0.012577
200 0.012433
200 0.012458
200 0.017346
200 0.015898
200 0.015610
200 0.014128
200 0.016402
500 0.013830
500 0.013520
500 0.013469
500 0.011982
500 0.010466
500 0.010200
500 0.009403
500 0.010226
500 0.011473
500 0.012156
500 0.011411
500 0.012382
500 0.012952
500 0.009305
500 0.010770
500 0.011137
500 0.011902
500 0.010771
500 0.011285
500 0.012396
500 0.009605
500 0.010800
500 0.010107
500 0.010650
500 0.010445
500 0.012689
500 0.011855
500 0.011606
500 0.015039
500 0.012601
500 0.010455
500 0.010864
500 0.010193
500 0.011568
500 0.013263
500 0.011641
500 0.011587
500 0.010220
500 0.010860
500 0.010387
500 0.010372
500 0.012493
500 0.010874
500 0.011422
500 0.010557
500 0.010285
500 0.010955
500 0.010090
500 0.011326
500 0.010456
500 0.013076
500 0.012089
500 0.011973
500 0.011185
500 0.011636
500 0.010508
500 0.009477
500 0.009927
500 0.010012
500 0.012068
500 0.011643
500 0.013004
500 0.011763
500 0.010315
500 0.010617
500 0.011932
500 0.014177
500 0.014607
500 0.012903
500 0.010329
500 0.009772
500 0.009472
500 0.010444
500 0.012863
500 0.011394
500 0.010462
500 0.010740
500 0.011773
500 0.011650
500 0.010359
500 0.011958
500 0.010258
500 0.010697
500 0.008932
500 0.012349
500 0.010771
500 0.012095
500 0.014430
500 0.012262
500 0.009899
500 0.010169
500 0.009298
500 0.010912
500 0.010388
500 0.011138
500 0.010525
500 0.009908
500 0.009879
500 0.012180
500 0.010317
500 0.010864
500 0.012005
500 0.012211
500 0.014082
500 0.011657
500 0.012744
500 0.012319
500 0.010039
500 0.011709
500 0.011560
500 0.009615
500 0.011041
500 0.011378
500 0.011481
500 0.010786
500 0.011260
500 0.011421
500 0.010957
500 0.010689
500 0.010008
500 0.012093
500 0.010225
500 0.011935
500 0.011540
500 0.010396
500 0.010633
500 0.013365
500 0.014926
500 0.014380
500 0.013955
500 0.011388
500 0.010388
500 0.011443
500 0.011148
500 0.012152
500 0.013788
500 0.013136
500 0.011070
500 0.009538
500 0.010605
500 0.012049
500 0.011414
500 0.012334
500 0.012583
500 0.011175
500 0.010564
500 0.010850
500 0.010496
500 0.009772
500 0.009449
500 0.009238
