200 0.017158
200 0.008717
200 0.011081
200 0.009282
200 0.011568
200 0.012229
200 0.011163
200 0.011270
200 0.010060
200 0.011657
200 0.009825
200 0.011359
200 0.013765
200 0.010839
200 0.013031
200 0.013893
200 0.014491
200 0.011039
200 0.011001
200 0.011801
200 0.011360
200 0.010609
200 0.010746
200 0.012954
200 0.011648
200 0.012729
200 0.012667
200 0.011561
200 0.011246
200 0.011640
200 0.011046
200 0.011835
200 0.009909
200 0.011183
200 0.010078
200 0.010501
200 0.011759
200 0.011891
200 0.009843
200 0.010612
200 0.013694
200 0.011995
200 0.012709
200 0.012907
200 0.014240
200 0.011079
200 0.010316
200 0.010237
200 0.010323
200 0.010455
200 0.010730
200 0.011675
200 0.011135
200 0.009767
200 0.011993
200 0.013405
200 0.013759
200 0.012027
200 0.010865
200 0.011945
200 0.013323
200 0.012152
200 0.009966
200 0.010659
200 0.009459
200 0.011031
200 0.010176
200 0.009777
200 0.009921
200 0.009166
200 0.010338
200 0.011562
200 0.009809
200 0.010892
200 0.009618
200 0.010194
200 0.009454
200 0.011739
200 0.011665
200 0.010370
200 0.011312
200 0.011206
200 0.013326
200 0.012180
200 0.011814
200 0.010823
200 0.009281
200 0.010101
200 0.009730
200 0.011881
200 0.010101
200 0.011668
200 0.013042
200 0.011686
200 0.011771
200 0.010648
200 0.009557
200 0.009716
200 0.011446
200 0.010163
200 0.012855
200 0.010879
200 0.011647
200 0.009816
200 0.010878
200 0.010393
200 0.010957
200 0.011947
200 0.010439
200 0.010066
200 0.010561
200 0.010243
200 0.010455
200 0.010314
200 0.010852
200 0.011370
200 0.009336
200 0.012853
200 0.012312
200 0.012473
200 0.013331
200 0.015229
200 0.012627
200 0.010159
200 0.010269
200 0.013202
200 0.012297
200 0.012371
200 0.012315
200 0.011595
200 0.010625
200 0.010662
200 0.009832
200 0.011334
200 0.012380
200 0.012038
200 0.009965
200 0.013168
200 0.012120
200 0.012202
200 0.010880
200 0.009868
200 0.008368
200 0.009258
200 0.010021
200 0.010393
200 0.010499
200 0.009850
200 0.011030
200 0.010954
200 0.011871
200 0.011008
200 0.010947
200 0.011018
200 0.010708
200 0.009759
200 0.010803
200 0.010311
200 0.012518
200 0.011654
200 0.012551
200 0.012286
200 0.010748
200 0.010938
200 0.010808
200 0.011196
200 0.009770
200 0.009742
200 0.010685
200 0.012843
200 0.012852
200 0.013108
200 0.010350
200 0.009998
200 0.010209
200 0.009955
200 0.011075
200 0.009266
200 0.010605
200 0.010086
200 0.011050
200 0.011945
200 0.011853
200 0.011243
200 0.012762
200 0.013969
200 0.015887
200 0.014231
200 0.011683
200 0.009483
200 0.009922
200 0.011599
200 0.010909
200 0.009127
200 0.009540
200 0.011063
200 0.010608
200 0.008772
200 0.008706
200 0.008205
