200 0.017326
200 0.018377
200 0.021851
200 0.018535
200 0.019016
200 0.051367
200 0.019951
200 0.018807
200 0.016755
200 0.018659
200 0.018645
200 0.018721
200 0.019125
200 0.022828
200 0.020531
200 0.013736
200 0.013026
200 0.016180
200 0.016567
200 0.016437
200 0.017499
200 0.015894
200 0.013767
200 0.015404
200 0.014353
200 0.014674
200 0.016159
200 0.015934
200 0.015692
200 0.015165
200 0.015279
200 0.011055
200 0.010860
200 0.011951
200 0.013074
200 0.012841
200 0.013362
200 0.013109
200 0.012129
200 0.014512
200 0.012197
200 0.012474
200 0.013097
200 0.014316
200 0.013163
200 0.014821
200 0.016344
200 0.016884
200 0.015947
200 0.013407
200 0.010871
200 0.011213
200 0.012459
200 0.013445
200 0.011879
200 0.012005
200 0.011524
200 0.011747
200 0.014147
200 0.012810
200 0.012702
200 0.014133
200 0.014502
200 0.013380
200 0.013359
200 0.013173
200 0.012232
200 0.013549
200 0.015983
200 0.015363
200 0.012950
200 0.013105
200 0.012063
200 0.011295
200 0.013883
200 0.012540
200 0.013774
200 0.013714
200 0.013706
200 0.014928
200 0.014800
200 0.013121
200 0.012480
200 0.013063
200 0.014000
200 0.014773
200 0.013882
200 0.015826
200 0.015902
200 0.012484
200 0.011640
200 0.011677
200 0.011783
200 0.011363
200 0.012319
200 0.014927
200 0.014345
200 0.014788
200 0.012233
200 0.011671
200 0.012223
200 0.013561
200 0.012204
200 0.013127
200 0.012661
200 0.013834
200 0.014949
200 0.013508
200 0.013590
200 0.011582
200 0.012142
200 0.013724
200 0.012889
200 0.013162
200 0.013107
200 0.015137
200 0.014737
200 0.015596
200 0.014384
200 0.012581
200 0.012964
200 0.014310
200 0.017141
200 0.016620
200 0.015235
200 0.012745
200 0.011554
200 0.011053
200 0.012689
200 0.012790
200 0.012359
200 0.011403
200 0.011084
200 0.013972
200 0.011865
200 0.013703
200 0.013606
200 0.012249
200 0.013068
200 0.011721
200 0.013692
200 0.012479
200 0.012928
200 0.013757
200 0.014874
200 0.016522
200 0.013638
200 0.011759
200 0.012630
200 0.013700
200 0.013325
200 0.012989
200 0.012831
200 0.012537
200 0.012808
200 0.015702
200 0.015667
200 0.015693
200 0.014816
200 0.015305
200 0.017743
200 0.016581
200 0.013713
200 0.013215
200 0.011571
200 0.010881
200 0.010782
200 0.011665
200 0.013438
200 0.014329
200 0.012079
200 0.012064
200 0.012831
200 0.012386
200 0.013291
200 0.012177
200 0.015566
200 0.013139
200 0.013711
200 0.014113
200 0.012838
200 0.012625
200 0.013740
200 0.014206
200 0.014346
200 0.014514
200 0.013638
200 0.017058
200 0.016152
200 0.017514
200 0.014097
200 0.012399
200 0.012262
200 0.011381
200 0.015309
200 0.012227
200 0.011369
200 0.012659
200 0.011105
200 0.010313
