200 0.021353
404 0.011855
404 0.011731
200 0.011665
404 0.008643
200 0.019554
200 0.018984
200 0.015949
200 0.014178
200 0.011365
404 0.009436
200 0.013014
200 0.013536
200 0.010896
200 0.013607
404 0.011455
200 0.015411
200 0.014437
200 0.011353
200 0.016905
200 0.017524
200 0.016883
200 0.013184
404 0.010417
200 0.013727
200 0.013933
200 0.016518
200 0.016030
404 0.011142
200 0.012371
200 0.016291
200 0.021332
200 0.022865
200 0.016603
200 0.013872
404 0.010860
200 0.017392
404 0.013882
200 0.018045
200 0.016505
200 0.018817
404 0.011428
200 0.018689
404 0.017971
200 0.013878
200 0.014206
200 0.016923
404 0.013200
404 0.015524
404 0.014664
404 0.008747
200 0.017489
404 0.012175
200 0.017103
200 0.017627
200 0.012920
200 0.013152
404 0.010275
200 0.012763
200 0.012557
200 0.018007
404 0.010096
404 0.010621
200 0.013326
200 0.013323
404 0.011044
404 0.012543
404 0.010648
200 0.011242
404 0.011454
200 0.011913
404 0.010615
200 0.012385
200 0.012829
200 0.011213
200 0.008446
200 0.009468
200 0.008839
200 0.011375
200 0.012993
404 0.008336
200 0.008276
200 0.009410
200 0.009193
200 0.010853
404 0.008251
200 0.012422
200 0.010626
200 0.009816
200 0.013367
200 0.010580
200 0.008523
200 0.008865
200 0.008965
200 0.012828
200 0.012385
200 0.010975
200 0.011907
200 0.009070
404 0.007504
200 0.009163
200 0.009950
200 0.009441
200 0.009018
200 0.009607
200 0.009827
200 0.008870
404 0.007710
404 0.008141
200 0.010910
404 0.007917
200 0.010080
200 0.009855
404 0.007861
200 0.012215
200 0.010711
200 0.011306
200 0.008095
200 0.008213
200 0.008958
200 0.009010
200 0.011199
404 0.008059
404 0.007458
200 0.009691
200 0.010286
404 0.006917
404 0.008668
404 0.007637
200 0.010606
404 0.008621
404 0.006835
404 0.007002
200 0.009018
404 0.009531
404 0.009004
200 0.010173
404 0.006835
200 0.008237
200 0.008052
404 0.007906
200 0.009212
200 0.009309
200 0.011384
404 0.009345
200 0.011110
404 0.009609
200 0.009859
404 0.008161
200 0.009932
404 0.007643
200 0.012253
200 0.010332
200 0.013326
200 0.012684
404 0.008109
404 0.009878
200 0.010027
404 0.007541
200 0.010459
200 0.010741
404 0.007923
200 0.008955
200 0.009225
200 0.011788
404 0.008116
200 0.011296
200 0.011464
200 0.009553
200 0.009686
200 0.011897
404 0.008027
200 0.010638
404 0.009209
200 0.010098
404 0.007380
200 0.008888
404 0.007446
200 0.010804
200 0.008668
200 0.010506
404 0.007292
404 0.007238
200 0.009151
200 0.010566
404 0.008522
200 0.010009
404 0.008001
404 0.007621
200 0.015041
404 0.010489
200 0.010910
200 0.011726
404 0.009151
404 0.007160
404 0.006611
200 0.008633
200 0.008748
404 0.006764
200 0.007375
