200 0.020038
200 0.020066
200 0.016401
200 0.014249
200 0.014513
200 0.013253
200 0.013286
200 0.012261
200 0.013608
200 0.012525
200 0.014196
200 0.012682
200 0.013013
200 0.012239
200 0.013394
200 0.012816
200 0.014152
200 0.012556
200 0.016832
200 0.013371
200 0.013408
200 0.012994
200 0.013505
200 0.014368
200 0.016750
200 0.017248
200 0.014642
200 0.014689
200 0.014075
200 0.012622
200 0.012226
200 0.011863
200 0.011174
200 0.012134
200 0.011951
200 0.012484
200 0.013505
200 0.013011
200 0.014127
200 0.012485
200 0.012739
200 0.013075
200 0.013287
200 0.013390
200 0.013176
200 0.014570
200 0.012784
200 0.012739
200 0.012532
200 0.014712
200 0.017815
200 0.016023
200 0.013983
200 0.013408
200 0.016230
200 0.015082
200 0.014219
200 0.014682
200 0.015147
200 0.014473
200 0.015097
200 0.014599
200 0.014727
200 0.016295
200 0.017048
200 0.017012
200 0.012728
200 0.012463
200 0.012053
200 0.011480
200 0.011629
200 0.012455
200 0.012685
200 0.013353
200 0.012400
200 0.012638
200 0.012267
200 0.013722
200 0.011850
200 0.012484
200 0.013108
200 0.013075
200 0.013576
200 0.012908
200 0.012269
200 0.012348
200 0.013730
200 0.015415
200 0.016012
200 0.016526
200 0.014408
200 0.016462
200 0.016127
200 0.012398
200 0.011470
200 0.011450
200 0.011794
200 0.012668
200 0.013016
200 0.015833
200 0.012329
200 0.013223
200 0.012754
200 0.013200
200 0.013407
200 0.012164
200 0.014200
200 0.012758
200 0.013588
200 0.013236
200 0.014080
500 0.010708
500 0.011401
500 0.014546
500 0.012630
500 0.011860
500 0.009094
500 0.010675
500 0.010958
500 0.011753
500 0.010506
500 0.010225
500 0.011718
500 0.011239
500 0.010608
500 0.011371
500 0.009700
500 0.012377
500 0.012480
500 0.010997
500 0.011480
500 0.012607
500 0.010220
500 0.013900
500 0.016320
500 0.015238
500 0.011842
500 0.010201
500 0.009342
500 0.012103
500 0.011650
500 0.012372
500 0.013489
500 0.015688
500 0.012703
500 0.013986
500 0.012053
500 0.012314
500 0.012801
500 0.013478
500 0.011662
500 0.011154
500 0.011207
500 0.014179
500 0.016892
500 0.013255
500 0.012900
500 0.010998
500 0.010183
500 0.010119
500 0.010038
500 0.012139
500 0.015814
500 0.013781
500 0.010979
500 0.009515
500 0.010617
500 0.011403
500 0.009974
500 0.012219
500 0.010889
500 0.010336
500 0.010800
500 0.013051
500 0.012932
500 0.012202
500 0.010865
500 0.011718
500 0.011678
500 0.011899
500 0.010406
500 0.011446
500 0.012337
500 0.013246
500 0.012063
500 0.010529
500 0.009170
500 0.011212
500 0.011215
500 0.011160
500 0.010678
500 0.011147
500 0.011692
500 0.011359
500 0.011739
500 0.011739
500 0.011684
500 0.011309
500 0.009585
500 0.010091
