200 0.010234
200 0.018238
200 0.012794
200 0.010252
200 0.009045
200 0.010527
200 0.011095
200 0.010242
200 0.011317
200 0.009990
200 0.011571
200 0.011357
200 0.011233
200 0.012889
200 0.011538
200 0.010294
200 0.010480
200 0.010570
200 0.011466
200 0.010773
200 0.011694
200 0.011049
200 0.010098
200 0.010830
200 0.010135
200 0.012159
200 0.013517
200 0.013916
200 0.014211
200 0.013450
200 0.013202
200 0.012054
200 0.011392
200 0.010514
200 0.010670
200 0.009757
200 0.012761
200 0.011480
200 0.011317
200 0.014224
200 0.011741
200 0.010731
200 0.011667
200 0.011381
200 0.011307
200 0.012856
200 0.012091
200 0.012467
200 0.014212
200 0.013451
200 0.012435
200 0.014025
200 0.012836
200 0.013973
200 0.013231
200 0.011451
200 0.012424
200 0.011113
200 0.011349
200 0.013791
200 0.010968
200 0.011406
200 0.009813
200 0.012564
200 0.012669
200 0.010909
200 0.012709
200 0.010058
200 0.010635
200 0.009725
200 0.012822
200 0.011992
200 0.013645
200 0.014648
200 0.014694
200 0.012765
200 0.010283
200 0.010471
200 0.011543
200 0.010047
200 0.010555
200 0.010502
200 0.011161
200 0.012197
200 0.011047
200 0.013128
200 0.012291
200 0.011574
200 0.010735
200 0.009508
200 0.012435
200 0.011923
200 0.011882
200 0.012527
200 0.013224
200 0.011154
200 0.009680
200 0.010430
200 0.011253
200 0.009972
200 0.010064
200 0.010028
200 0.010840
200 0.010166
200 0.010922
200 0.010949
200 0.009206
200 0.010764
200 0.010328
200 0.010117
200 0.011481
200 0.010978
200 0.011757
200 0.011167
200 0.011491
200 0.012456
200 0.012356
200 0.009848
200 0.008948
200 0.010628
200 0.009618
200 0.011232
200 0.010826
200 0.010744
200 0.011215
200 0.010055
200 0.011453
200 0.012263
200 0.011664
200 0.011082
200 0.011578
200 0.010621
200 0.009732
200 0.010782
200 0.012263
200 0.010233
200 0.011980
200 0.011330
200 0.010211
200 0.009455
200 0.012065
200 0.018998
200 0.028695
200 0.029420
200 0.036373
200 0.020861
200 0.026136
200 0.015086
200 0.014744
200 0.012233
200 0.019820
200 0.015967
200 0.008921
200 0.009636
200 0.009565
200 0.010488
200 0.010440
200 0.010064
200 0.009676
200 0.010987
200 0.010382
200 0.010087
200 0.010096
200 0.013366
200 0.013727
200 0.012936
200 0.013589
200 0.016063
200 0.012839
200 0.013183
200 0.011947
200 0.013052
200 0.010644
200 0.011638
200 0.010600
200 0.009619
200 0.011546
200 0.011587
200 0.009875
200 0.011216
200 0.010782
200 0.011289
200 0.011906
200 0.014696
200 0.015192
200 0.015121
200 0.017814
200 0.016493
200 0.013424
200 0.010839
200 0.012696
200 0.014300
200 0.013784
200 0.015602
200 0.014359
200 0.016632
200 0.021060
200 0.016549
200 0.012504
200 0.011846
