200 0.014462
200 0.014346
200 0.016680
200 0.016680
200 0.013729
200 0.014304
200 0.014849
200 0.039681
200 0.017829
200 0.017347
200 0.016661
200 0.015680
200 0.012134
200 0.013190
200 0.014568
200 0.016506
200 0.016138
200 0.017474
200 0.017216
200 0.023639
200 0.018451
200 0.020867
200 0.020196
200 0.022093
200 0.020462
200 0.019620
200 0.015580
200 0.015574
200 0.014788
200 0.013743
200 0.017143
200 0.016561
200 0.017195
200 0.016604
200 0.015603
200 0.019281
200 0.022303
200 0.018498
200 0.018214
200 0.016887
200 0.016584
200 0.017199
200 0.019145
200 0.014587
200 0.014006
200 0.015500
200 0.015667
200 0.014695
200 0.015456
200 0.015200
200 0.013648
200 0.012465
200 0.013633
200 0.012508
200 0.013135
200 0.013697
200 0.012952
200 0.011961
200 0.013443
200 0.014035
200 0.012596
200 0.012719
200 0.013431
200 0.013251
200 0.013467
200 0.012581
200 0.013090
200 0.011562
200 0.011369
200 0.011666
200 0.014611
200 0.015456
200 0.012997
200 0.011611
200 0.011000
200 0.011432
200 0.012468
200 0.012454
200 0.012464
200 0.012997
200 0.012261
200 0.012239
200 0.011457
200 0.011783
200 0.012933
200 0.013162
200 0.013287
200 0.014087
200 0.012788
200 0.015101
200 0.018194
200 0.014950
200 0.012159
200 0.011855
200 0.012714
200 0.011659
200 0.014515
200 0.014282
200 0.014314
200 0.014312
200 0.014117
200 0.014416
200 0.013951
200 0.013607
200 0.014816
200 0.014469
200 0.014646
200 0.013461
200 0.013663
200 0.013079
200 0.014333
200 0.015212
200 0.016169
200 0.019820
200 0.017870
200 0.016208
200 0.017059
200 0.013203
200 0.011503
200 0.011473
200 0.012216
200 0.011957
200 0.013899
200 0.014713
200 0.012864
200 0.013109
200 0.013334
200 0.014445
200 0.013170
200 0.014128
200 0.014328
200 0.014328
200 0.017320
200 0.016611
200 0.015088
200 0.014526
200 0.013104
200 0.012564
200 0.014212
200 0.012377
200 0.014290
200 0.014474
200 0.016524
200 0.016412
200 0.014338
200 0.012018
200 0.013389
200 0.012668
200 0.013250
200 0.014014
200 0.012425
200 0.011801
200 0.012524
200 0.012677
200 0.013624
200 0.014089
200 0.012731
200 0.012363
200 0.013012
200 0.012671
200 0.012265
200 0.013553
200 0.011995
200 0.012243
200 0.011605
200 0.013328
200 0.012588
200 0.014385
200 0.013699
200 0.014175
200 0.013354
200 0.012231
200 0.010886
200 0.012554
200 0.012035
200 0.012101
200 0.012075
200 0.013666
200 0.013935
200 0.013271
200 0.012940
200 0.014129
200 0.011941
200 0.011671
200 0.012540
200 0.013345
200 0.013186
200 0.012414
200 0.013088
200 0.013111
200 0.012387
200 0.017143
200 0.016887
200 0.017089
200 0.017573
200 0.012769
200 0.012555
200 0.012201
200 0.010454
200 0.010497
