200 0.011285
404 0.009317
200 0.011484
404 0.007804
404 0.009186
404 0.009192
404 0.009083
200 0.016781
200 0.011575
200 0.010919
200 0.009715
200 0.011112
200 0.013399
404 0.011000
200 0.013578
404 0.010771
200 0.013658
200 0.010102
404 0.008354
404 0.007816
200 0.010815
200 0.009827
200 0.012495
200 0.011056
200 0.012615
200 0.012713
200 0.012809
200 0.014128
200 0.012031
404 0.008391
200 0.009691
200 0.011133
404 0.008379
200 0.010219
200 0.013253
404 0.009709
200 0.012570
404 0.007552
404 0.007132
404 0.008628
200 0.008319
200 0.010493
200 0.009542
200 0.012766
200 0.012633
200 0.011803
404 0.008650
200 0.012985
404 0.010166
404 0.010487
404 0.008821
404 0.012513
404 0.009929
404 0.008645
200 0.009099
404 0.007996
404 0.008776
404 0.007794
200 0.010085
200 0.011191
200 0.009601
404 0.007485
404 0.009930
200 0.010099
200 0.012188
200 0.011775
200 0.012067
200 0.013724
200 0.011333
404 0.011612
200 0.011366
200 0.012138
404 0.011823
404 0.012550
404 0.009777
200 0.011724
404 0.010891
200 0.012389
200 0.010055
200 0.015836
404 0.009453
404 0.010348
200 0.012833
200 0.013269
200 0.011081
404 0.008995
200 0.010914
200 0.014608
200 0.011975
200 0.010168
200 0.009024
200 0.009711
200 0.009238
404 0.008312
200 0.011394
200 0.010865
200 0.010306
404 0.009072
200 0.010242
404 0.009653
200 0.011308
200 0.009350
200 0.010585
200 0.010296
404 0.008483
404 0.007491
200 0.012701
200 0.013362
200 0.015563
200 0.013693
200 0.012887
200 0.011314
200 0.009621
200 0.011373
200 0.011663
200 0.009875
200 0.011381
200 0.009651
404 0.009299
404 0.008766
200 0.008572
200 0.009760
200 0.009783
200 0.009981
200 0.009709
404 0.008172
200 0.010885
200 0.010356
200 0.011831
200 0.013032
404 0.009245
404 0.009443
404 0.008286
404 0.010102
200 0.013691
404 0.011494
200 0.009646
200 0.011275
404 0.008437
200 0.010878
200 0.013108
200 0.012087
200 0.011216
200 0.011607
404 0.008408
404 0.009294
200 0.010333
200 0.013078
200 0.012751
200 0.012805
200 0.014229
200 0.012157
200 0.012986
200 0.014250
200 0.013842
404 0.009435
200 0.010877
404 0.007882
404 0.007746
404 0.009314
200 0.010909
200 0.011493
404 0.008427
404 0.008632
200 0.010335
404 0.008188
200 0.011205
404 0.009650
200 0.011166
404 0.009346
404 0.008875
404 0.009006
200 0.011127
404 0.009043
404 0.010283
200 0.012289
404 0.008800
200 0.014322
404 0.009230
404 0.010253
404 0.007355
200 0.010552
404 0.008584
200 0.011609
404 0.009283
200 0.011954
200 0.013211
200 0.012645
404 0.009682
404 0.008207
200 0.011309
404 0.008545
404 0.009586
200 0.012263
200 0.011507
200 0.010665
404 0.008265
404 0.007905
404 0.007170
200 0.009781
