200 0.016911
200 0.039200
200 0.026785
500 0.047435
200 0.020889
200 0.017932
500 0.012167
500 0.042905
500 0.012820
500 0.011495
500 0.014177
500 0.013038
500 0.012273
500 0.010370
500 0.011301
500 0.011431
500 0.010359
500 0.014498
500 0.014700
500 0.014250
500 0.012045
500 0.015645
500 0.014787
500 0.014248
500 0.012364
500 0.010750
500 0.011020
500 0.012235
500 0.013547
500 0.010927
500 0.011311
500 0.011746
500 0.012283
500 0.012962
500 0.012403
500 0.012092
500 0.014340
500 0.013756
500 0.011407
500 0.012265
500 0.011643
500 0.012541
500 0.014644
500 0.015309
500 0.016037
500 0.018089
500 0.015986
500 0.016201
500 0.015999
500 0.016322
500 0.014211
500 0.013033
500 0.013709
500 0.014314
500 0.014100
500 0.012522
500 0.012956
500 0.012229
500 0.015381
500 0.012884
500 0.013828
500 0.013557
500 0.015229
500 0.017151
500 0.014702
500 0.012991
500 0.010649
500 0.012236
500 0.012249
500 0.012923
500 0.012864
500 0.011217
500 0.011301
500 0.011155
500 0.013306
500 0.013036
500 0.012659
500 0.013692
500 0.011070
500 0.010664
500 0.011167
500 0.011738
500 0.011351
500 0.012668
500 0.011661
500 0.013067
500 0.013127
500 0.013777
500 0.012528
500 0.013103
500 0.011315
500 0.010372
500 0.010785
500 0.010851
500 0.012199
500 0.010027
500 0.011458
500 0.012556
500 0.014962
500 0.013417
500 0.014228
500 0.013528
500 0.013180
500 0.014182
500 0.013368
500 0.012891
500 0.013401
500 0.010705
500 0.012237
500 0.012367
500 0.013359
500 0.012597
500 0.014393
500 0.014386
500 0.016520
500 0.017036
500 0.016472
500 0.014266
500 0.013104
500 0.011508
500 0.010850
500 0.013731
500 0.012704
500 0.024702
500 0.021126
500 0.027841
500 0.054564
500 0.027426
500 0.042864
500 0.014288
500 0.015509
500 0.017952
500 0.015782
500 0.017925
500 0.021018
500 0.013002
500 0.013028
500 0.012591
500 0.013248
500 0.015715
500 0.015612
500 0.015392
500 0.016360
500 0.017574
500 0.013795
500 0.012757
500 0.014913
500 0.015131
500 0.014879
500 0.012429
500 0.012252
500 0.010903
500 0.011774
500 0.010819
500 0.012184
500 0.011379
500 0.011679
500 0.010989
500 0.010998
500 0.013011
500 0.012053
500 0.014778
500 0.012784
500 0.013318
500 0.012870
500 0.011415
500 0.012703
500 0.013903
500 0.015416
500 0.011663
500 0.013503
500 0.013307
500 0.012892
500 0.013717
500 0.015692
500 0.013815
500 0.015247
500 0.014784
500 0.015212
500 0.013523
500 0.011724
500 0.010673
500 0.012339
500 0.012052
500 0.015264
500 0.014372
500 0.015092
500 0.011363
500 0.011504
500 0.011083
500 0.014130
500 0.012673
500 0.014605
500 0.013185
500 0.012666
500 0.013926
500 0.014470
500 0.012058
500 0.010400
500 0.009666
