200 0.013922
200 0.012964
200 0.022076
200 0.013292
200 0.013271
200 0.011052
200 0.011310
200 0.010835
200 0.012930
200 0.010834
200 0.015784
200 0.015751
200 0.013024
200 0.012141
200 0.011690
200 0.011560
200 0.012207
200 0.012648
200 0.010192
200 0.012890
200 0.010144
200 0.012877
200 0.010913
200 0.013753
200 0.013125
200 0.010941
200 0.010510
200 0.010511
200 0.012059
200 0.012149
200 0.013471
200 0.013398
200 0.013557
200 0.013546
200 0.012783
200 0.012462
200 0.015518
200 0.015189
200 0.014082
200 0.012282
200 0.010837
200 0.010346
200 0.010576
200 0.011716
200 0.011489
200 0.010981
200 0.010494
200 0.013405
200 0.011445
200 0.011276
200 0.012097
200 0.011204
200 0.010706
200 0.011186
200 0.012916
200 0.013702
200 0.012085
200 0.013175
200 0.010254
200 0.010149
200 0.011625
200 0.013987
200 0.014789
200 0.013538
200 0.014143
200 0.013377
200 0.011750
200 0.013955
200 0.010321
200 0.011129
200 0.010103
200 0.012333
200 0.013443
200 0.016812
200 0.015602
200 0.012718
200 0.012180
200 0.011434
200 0.014887
200 0.012071
200 0.012697
200 0.012333
200 0.013496
200 0.014557
200 0.014271
200 0.014810
200 0.015866
200 0.013017
200 0.013028
200 0.012235
200 0.011153
200 0.011358
200 0.015709
200 0.014661
200 0.014972
200 0.011643
200 0.009185
200 0.012911
200 0.011782
200 0.010600
200 0.011071
200 0.011941
200 0.011451
200 0.013862
200 0.013999
200 0.015025
200 0.013018
200 0.011475
200 0.012516
200 0.013240
200 0.017262
200 0.014034
200 0.012674
200 0.014226
200 0.012922
200 0.013225
200 0.012291
200 0.012486
200 0.010466
200 0.011004
200 0.010256
200 0.011353
200 0.012801
200 0.013418
200 0.012423
200 0.014234
200 0.014685
200 0.016188
200 0.016248
200 0.013598
200 0.011973
200 0.011576
200 0.011310
200 0.010339
200 0.013966
200 0.012847
200 0.013682
200 0.013406
200 0.013288
200 0.012186
200 0.013960
200 0.010118
200 0.011887
200 0.012219
200 0.011949
200 0.011717
200 0.013880
200 0.012481
200 0.011368
200 0.011174
200 0.011617
200 0.011282
200 0.012931
200 0.013518
200 0.012407
200 0.014372
200 0.012172
200 0.010520
200 0.012458
200 0.013555
200 0.017254
200 0.014822
200 0.018999
200 0.028262
200 0.024043
200 0.017439
200 0.017734
200 0.013688
200 0.026206
200 0.039653
200 0.030366
200 0.024111
200 0.017695
200 0.017232
200 0.015707
200 0.013100
200 0.012376
200 0.013147
200 0.012758
200 0.013961
200 0.013511
200 0.013862
200 0.012335
200 0.014827
200 0.012911
200 0.012583
200 0.014508
200 0.016250
200 0.013075
200 0.012716
200 0.010671
200 0.012621
200 0.011280
200 0.011378
200 0.014444
200 0.011699
200 0.013475
200 0.014095
200 0.011988
200 0.010468
