200 0.022158
200 0.021041
200 0.028415
200 0.024809
200 0.021917
200 0.015108
200 0.016309
200 0.024516
200 0.026825
200 0.017558
200 0.016043
200 0.015361
200 0.016538
200 0.017876
200 0.024383
200 0.024879
200 0.015742
200 0.014672
200 0.019189
200 0.020545
200 0.018203
200 0.018415
200 0.021228
200 0.023962
200 0.022422
200 0.018596
200 0.021534
200 0.021479
200 0.016916
200 0.017997
200 0.022069
200 0.020617
200 0.024951
200 0.027499
200 0.016230
200 0.013650
200 0.010876
200 0.012149
200 0.012560
200 0.012758
200 0.012890
200 0.012734
200 0.014178
200 0.013124
200 0.011990
200 0.011814
200 0.012717
200 0.011252
200 0.013338
200 0.013382
200 0.013091
200 0.014212
200 0.015114
200 0.016783
200 0.013706
200 0.012195
200 0.012345
200 0.014030
200 0.013701
200 0.012801
200 0.013189
200 0.012097
200 0.014190
200 0.014749
200 0.014072
200 0.013377
200 0.013346
200 0.014227
200 0.016624
200 0.019021
200 0.015798
200 0.013748
200 0.012413
200 0.011471
200 0.012530
200 0.013895
200 0.012556
200 0.012130
200 0.012013
200 0.011826
200 0.013120
200 0.013345
200 0.013637
200 0.013170
200 0.013109
200 0.012747
200 0.013288
200 0.011772
200 0.014441
200 0.014594
200 0.016196
200 0.016788
200 0.015211
200 0.012418
200 0.012282
200 0.012200
200 0.012809
200 0.012037
200 0.012378
200 0.012812
200 0.012256
200 0.013146
200 0.014954
200 0.015418
200 0.011533
200 0.012581
200 0.012038
200 0.015127
200 0.016140
200 0.015692
200 0.012257
200 0.011000
200 0.012263
200 0.011646
200 0.011209
200 0.012881
200 0.013670
200 0.012452
200 0.013198
200 0.012871
200 0.012405
200 0.013600
200 0.014400
200 0.015066
200 0.013554
200 0.013364
200 0.012647
200 0.012568
200 0.014337
200 0.017543
200 0.017553
200 0.012847
200 0.011556
200 0.013650
200 0.011507
200 0.014264
200 0.015377
200 0.014525
200 0.015936
200 0.013121
200 0.012662
200 0.012026
200 0.012521
200 0.012854
200 0.012145
200 0.012757
200 0.013479
200 0.012374
200 0.012394
200 0.013650
200 0.012082
200 0.013728
200 0.012597
200 0.012599
200 0.014537
200 0.015832
200 0.016383
200 0.014559
200 0.013928
200 0.011838
200 0.012729
200 0.013049
200 0.014189
200 0.013953
200 0.014005
200 0.014813
200 0.016002
200 0.014405
200 0.015653
200 0.014774
200 0.014528
200 0.013297
200 0.013557
200 0.013643
200 0.017512
200 0.017082
200 0.016227
200 0.011785
200 0.011341
200 0.012338
200 0.012739
200 0.012290
200 0.013849
200 0.013643
200 0.013314
200 0.012807
200 0.012972
200 0.012065
200 0.013678
200 0.015481
200 0.013969
200 0.016737
200 0.016743
200 0.015778
200 0.012149
200 0.012843
200 0.011686
200 0.013268
200 0.010858
200 0.009551
